{"C:\\Users\\WILSON\\Documents\\blog_api\\api_blog\\db.js": {"path":"C:\\Users\\WILSON\\Documents\\blog_api\\api_blog\\db.js","statementMap":{"0":{"start":{"line":1,"column":17},"end":{"line":1,"column":36}},"1":{"start":{"line":2,"column":0},"end":{"line":2,"column":27}},"2":{"start":{"line":4,"column":20},"end":{"line":4,"column":41}},"3":{"start":{"line":8,"column":4},"end":{"line":8,"column":34}},"4":{"start":{"line":10,"column":4},"end":{"line":12,"column":7}},"5":{"start":{"line":11,"column":8},"end":{"line":11,"column":57}},"6":{"start":{"line":14,"column":4},"end":{"line":16,"column":6}},"7":{"start":{"line":15,"column":8},"end":{"line":15,"column":56}},"8":{"start":{"line":19,"column":0},"end":{"line":19,"column":38}}},"fnMap":{"0":{"name":"connectToMongoDB","decl":{"start":{"line":7,"column":9},"end":{"line":7,"column":25}},"loc":{"start":{"line":7,"column":28},"end":{"line":17,"column":1}},"line":7},"1":{"name":"(anonymous_1)","decl":{"start":{"line":10,"column":40},"end":{"line":10,"column":41}},"loc":{"start":{"line":10,"column":46},"end":{"line":12,"column":5}},"line":10},"2":{"name":"(anonymous_2)","decl":{"start":{"line":14,"column":36},"end":{"line":14,"column":37}},"loc":{"start":{"line":14,"column":45},"end":{"line":16,"column":5}},"line":14}},"branchMap":{},"s":{"0":4,"1":4,"2":4,"3":4,"4":4,"5":2,"6":4,"7":0,"8":4},"f":{"0":4,"1":2,"2":0},"b":{},"_coverageSchema":"1a1c01bbd47fc00a2c39e90264f33305004495a9","hash":"44b08d5bc4db7f726d8704a03042da0a507127fe"}
,"C:\\Users\\WILSON\\Documents\\blog_api\\api_blog\\index.js": {"path":"C:\\Users\\WILSON\\Documents\\blog_api\\api_blog\\index.js","statementMap":{"0":{"start":{"line":1,"column":16},"end":{"line":1,"column":34}},"1":{"start":{"line":2,"column":15},"end":{"line":2,"column":32}},"2":{"start":{"line":3,"column":17},"end":{"line":3,"column":36}},"3":{"start":{"line":4,"column":17},"end":{"line":4,"column":36}},"4":{"start":{"line":5,"column":18},"end":{"line":5,"column":42}},"5":{"start":{"line":6,"column":18},"end":{"line":6,"column":43}},"6":{"start":{"line":7,"column":18},"end":{"line":7,"column":43}},"7":{"start":{"line":8,"column":22},"end":{"line":8,"column":52}},"8":{"start":{"line":9,"column":19},"end":{"line":9,"column":41}},"9":{"start":{"line":10,"column":12},"end":{"line":10,"column":35}},"10":{"start":{"line":11,"column":34},"end":{"line":11,"column":73}},"11":{"start":{"line":12,"column":0},"end":{"line":12,"column":34}},"12":{"start":{"line":13,"column":0},"end":{"line":13,"column":28}},"13":{"start":{"line":14,"column":13},"end":{"line":14,"column":29}},"14":{"start":{"line":15,"column":0},"end":{"line":15,"column":16}},"15":{"start":{"line":16,"column":12},"end":{"line":16,"column":21}},"16":{"start":{"line":21,"column":0},"end":{"line":21,"column":52}},"17":{"start":{"line":22,"column":0},"end":{"line":22,"column":24}},"18":{"start":{"line":23,"column":0},"end":{"line":23,"column":30}},"19":{"start":{"line":34,"column":0},"end":{"line":34,"column":24}},"20":{"start":{"line":35,"column":0},"end":{"line":35,"column":83}},"21":{"start":{"line":36,"column":0},"end":{"line":36,"column":33}},"22":{"start":{"line":37,"column":0},"end":{"line":37,"column":42}},"23":{"start":{"line":40,"column":0},"end":{"line":40,"column":26}},"24":{"start":{"line":41,"column":0},"end":{"line":41,"column":30}},"25":{"start":{"line":44,"column":0},"end":{"line":46,"column":3}},"26":{"start":{"line":45,"column":2},"end":{"line":45,"column":22}},"27":{"start":{"line":49,"column":0},"end":{"line":51,"column":3}},"28":{"start":{"line":50,"column":2},"end":{"line":50,"column":22}},"29":{"start":{"line":54,"column":0},"end":{"line":56,"column":3}},"30":{"start":{"line":55,"column":2},"end":{"line":55,"column":23}},"31":{"start":{"line":59,"column":0},"end":{"line":61,"column":3}},"32":{"start":{"line":60,"column":2},"end":{"line":60,"column":52}},"33":{"start":{"line":66,"column":0},"end":{"line":68,"column":3}},"34":{"start":{"line":67,"column":4},"end":{"line":67,"column":40}},"35":{"start":{"line":71,"column":0},"end":{"line":73,"column":4}},"36":{"start":{"line":72,"column":2},"end":{"line":72,"column":21}},"37":{"start":{"line":84,"column":0},"end":{"line":87,"column":3}},"38":{"start":{"line":85,"column":2},"end":{"line":85,"column":15}},"39":{"start":{"line":86,"column":2},"end":{"line":86,"column":20}},"40":{"start":{"line":93,"column":0},"end":{"line":93,"column":21}},"41":{"start":{"line":94,"column":0},"end":{"line":94,"column":17}},"42":{"start":{"line":100,"column":0},"end":{"line":102,"column":5}},"43":{"start":{"line":101,"column":4},"end":{"line":101,"column":54}},"44":{"start":{"line":104,"column":2},"end":{"line":104,"column":23}}},"fnMap":{"0":{"name":"(anonymous_0)","decl":{"start":{"line":44,"column":13},"end":{"line":44,"column":14}},"loc":{"start":{"line":44,"column":27},"end":{"line":46,"column":1}},"line":44},"1":{"name":"(anonymous_1)","decl":{"start":{"line":49,"column":18},"end":{"line":49,"column":19}},"loc":{"start":{"line":49,"column":32},"end":{"line":51,"column":1}},"line":49},"2":{"name":"(anonymous_2)","decl":{"start":{"line":54,"column":19},"end":{"line":54,"column":20}},"loc":{"start":{"line":54,"column":33},"end":{"line":56,"column":1}},"line":54},"3":{"name":"(anonymous_3)","decl":{"start":{"line":59,"column":18},"end":{"line":59,"column":19}},"loc":{"start":{"line":59,"column":32},"end":{"line":61,"column":1}},"line":59},"4":{"name":"(anonymous_4)","decl":{"start":{"line":66,"column":12},"end":{"line":66,"column":13}},"loc":{"start":{"line":66,"column":26},"end":{"line":68,"column":1}},"line":66},"5":{"name":"(anonymous_5)","decl":{"start":{"line":71,"column":19},"end":{"line":71,"column":20}},"loc":{"start":{"line":71,"column":33},"end":{"line":73,"column":2}},"line":71},"6":{"name":"(anonymous_6)","decl":{"start":{"line":84,"column":20},"end":{"line":84,"column":21}},"loc":{"start":{"line":84,"column":34},"end":{"line":87,"column":1}},"line":84},"7":{"name":"(anonymous_7)","decl":{"start":{"line":100,"column":17},"end":{"line":100,"column":18}},"loc":{"start":{"line":100,"column":23},"end":{"line":102,"column":3}},"line":100}},"branchMap":{},"s":{"0":4,"1":4,"2":4,"3":4,"4":4,"5":4,"6":4,"7":4,"8":4,"9":4,"10":4,"11":4,"12":4,"13":4,"14":4,"15":4,"16":4,"17":4,"18":4,"19":4,"20":4,"21":4,"22":4,"23":4,"24":4,"25":4,"26":0,"27":4,"28":0,"29":4,"30":0,"31":4,"32":0,"33":4,"34":0,"35":4,"36":0,"37":4,"38":0,"39":0,"40":4,"41":4,"42":4,"43":1,"44":4},"f":{"0":0,"1":0,"2":0,"3":0,"4":0,"5":0,"6":0,"7":1},"b":{},"_coverageSchema":"1a1c01bbd47fc00a2c39e90264f33305004495a9","hash":"37be919b2ebfbf9a8c7a407cac0d3477c32e968b"}
,"C:\\Users\\WILSON\\Documents\\blog_api\\api_blog\\controllers\\authController.js": {"path":"C:\\Users\\WILSON\\Documents\\blog_api\\api_blog\\controllers\\authController.js","statementMap":{"0":{"start":{"line":1,"column":21},"end":{"line":1,"column":53}},"1":{"start":{"line":2,"column":16},"end":{"line":2,"column":34}},"2":{"start":{"line":3,"column":17},"end":{"line":3,"column":36}},"3":{"start":{"line":4,"column":12},"end":{"line":4,"column":35}},"4":{"start":{"line":5,"column":0},"end":{"line":5,"column":27}},"5":{"start":{"line":6,"column":22},"end":{"line":6,"column":56}},"6":{"start":{"line":7,"column":18},"end":{"line":7,"column":43}},"7":{"start":{"line":8,"column":20},"end":{"line":8,"column":52}},"8":{"start":{"line":9,"column":19},"end":{"line":9,"column":53}},"9":{"start":{"line":12,"column":22},"end":{"line":44,"column":1}},"10":{"start":{"line":13,"column":4},"end":{"line":42,"column":22}},"11":{"start":{"line":14,"column":8},"end":{"line":40,"column":9}},"12":{"start":{"line":15,"column":12},"end":{"line":17,"column":13}},"13":{"start":{"line":16,"column":16},"end":{"line":16,"column":33}},"14":{"start":{"line":18,"column":12},"end":{"line":21,"column":13}},"15":{"start":{"line":19,"column":30},"end":{"line":19,"column":76}},"16":{"start":{"line":20,"column":16},"end":{"line":20,"column":35}},"17":{"start":{"line":23,"column":12},"end":{"line":37,"column":14}},"18":{"start":{"line":25,"column":20},"end":{"line":25,"column":50}},"19":{"start":{"line":25,"column":31},"end":{"line":25,"column":50}},"20":{"start":{"line":27,"column":33},"end":{"line":27,"column":69}},"21":{"start":{"line":31,"column":34},"end":{"line":33,"column":22}},"22":{"start":{"line":35,"column":20},"end":{"line":35,"column":47}},"23":{"start":{"line":39,"column":12},"end":{"line":39,"column":31}},"24":{"start":{"line":46,"column":0},"end":{"line":46,"column":31}}},"fnMap":{"0":{"name":"(anonymous_0)","decl":{"start":{"line":12,"column":35},"end":{"line":12,"column":36}},"loc":{"start":{"line":12,"column":60},"end":{"line":43,"column":1}},"line":12},"1":{"name":"(anonymous_1)","decl":{"start":{"line":13,"column":35},"end":{"line":13,"column":36}},"loc":{"start":{"line":13,"column":62},"end":{"line":41,"column":5}},"line":13},"2":{"name":"(anonymous_2)","decl":{"start":{"line":24,"column":16},"end":{"line":24,"column":17}},"loc":{"start":{"line":24,"column":33},"end":{"line":36,"column":17}},"line":24}},"branchMap":{"0":{"loc":{"start":{"line":15,"column":12},"end":{"line":17,"column":13}},"type":"if","locations":[{"start":{"line":15,"column":12},"end":{"line":17,"column":13}},{"start":{},"end":{}}],"line":15},"1":{"loc":{"start":{"line":18,"column":12},"end":{"line":21,"column":13}},"type":"if","locations":[{"start":{"line":18,"column":12},"end":{"line":21,"column":13}},{"start":{},"end":{}}],"line":18},"2":{"loc":{"start":{"line":25,"column":20},"end":{"line":25,"column":50}},"type":"if","locations":[{"start":{"line":25,"column":20},"end":{"line":25,"column":50}},{"start":{},"end":{}}],"line":25}},"s":{"0":4,"1":4,"2":4,"3":4,"4":4,"5":4,"6":4,"7":4,"8":4,"9":4,"10":1,"11":1,"12":1,"13":0,"14":1,"15":1,"16":1,"17":0,"18":0,"19":0,"20":0,"21":0,"22":0,"23":0,"24":4},"f":{"0":1,"1":1,"2":0},"b":{"0":[0,1],"1":[1,0],"2":[0,0]},"_coverageSchema":"1a1c01bbd47fc00a2c39e90264f33305004495a9","hash":"48a5f0d1a62258262fda15044a7aa954865921c8"}
,"C:\\Users\\WILSON\\Documents\\blog_api\\api_blog\\controllers\\categoryController.js": {"path":"C:\\Users\\WILSON\\Documents\\blog_api\\api_blog\\controllers\\categoryController.js","statementMap":{"0":{"start":{"line":1,"column":17},"end":{"line":1,"column":46}},"1":{"start":{"line":2,"column":21},"end":{"line":2,"column":53}},"2":{"start":{"line":5,"column":0},"end":{"line":13,"column":3}},"3":{"start":{"line":6,"column":17},"end":{"line":6,"column":39}},"4":{"start":{"line":7,"column":2},"end":{"line":12,"column":3}},"5":{"start":{"line":8,"column":21},"end":{"line":8,"column":40}},"6":{"start":{"line":9,"column":4},"end":{"line":9,"column":35}},"7":{"start":{"line":11,"column":4},"end":{"line":11,"column":30}},"8":{"start":{"line":15,"column":0},"end":{"line":22,"column":5}},"9":{"start":{"line":16,"column":4},"end":{"line":21,"column":5}},"10":{"start":{"line":17,"column":19},"end":{"line":17,"column":40}},"11":{"start":{"line":18,"column":6},"end":{"line":18,"column":33}},"12":{"start":{"line":20,"column":6},"end":{"line":20,"column":32}}},"fnMap":{"0":{"name":"(anonymous_0)","decl":{"start":{"line":5,"column":36},"end":{"line":5,"column":37}},"loc":{"start":{"line":5,"column":56},"end":{"line":13,"column":1}},"line":5},"1":{"name":"(anonymous_1)","decl":{"start":{"line":15,"column":35},"end":{"line":15,"column":36}},"loc":{"start":{"line":15,"column":55},"end":{"line":22,"column":3}},"line":15}},"branchMap":{},"s":{"0":4,"1":4,"2":4,"3":1,"4":1,"5":1,"6":0,"7":1,"8":4,"9":1,"10":1,"11":1,"12":0},"f":{"0":1,"1":1},"b":{},"_coverageSchema":"1a1c01bbd47fc00a2c39e90264f33305004495a9","hash":"87e6c5387cbc5265335d5d89adc45745ea55bc32"}
,"C:\\Users\\WILSON\\Documents\\blog_api\\api_blog\\controllers\\postController.js": {"path":"C:\\Users\\WILSON\\Documents\\blog_api\\api_blog\\controllers\\postController.js","statementMap":{"0":{"start":{"line":1,"column":13},"end":{"line":1,"column":38}},"1":{"start":{"line":2,"column":13},"end":{"line":2,"column":38}},"2":{"start":{"line":3,"column":21},"end":{"line":3,"column":53}},"3":{"start":{"line":4,"column":22},"end":{"line":4,"column":53}},"4":{"start":{"line":7,"column":19},"end":{"line":29,"column":2}},"5":{"start":{"line":8,"column":2},"end":{"line":28,"column":3}},"6":{"start":{"line":9,"column":65},"end":{"line":9,"column":73}},"7":{"start":{"line":10,"column":20},"end":{"line":18,"column":6}},"8":{"start":{"line":20,"column":24},"end":{"line":20,"column":44}},"9":{"start":{"line":22,"column":4},"end":{"line":25,"column":6}},"10":{"start":{"line":27,"column":4},"end":{"line":27,"column":11}},"11":{"start":{"line":32,"column":19},"end":{"line":54,"column":2}},"12":{"start":{"line":33,"column":2},"end":{"line":53,"column":3}},"13":{"start":{"line":34,"column":17},"end":{"line":34,"column":51}},"14":{"start":{"line":35,"column":4},"end":{"line":50,"column":5}},"15":{"start":{"line":36,"column":6},"end":{"line":47,"column":7}},"16":{"start":{"line":37,"column":28},"end":{"line":43,"column":9}},"17":{"start":{"line":44,"column":8},"end":{"line":44,"column":42}},"18":{"start":{"line":46,"column":8},"end":{"line":46,"column":34}},"19":{"start":{"line":49,"column":6},"end":{"line":49,"column":61}},"20":{"start":{"line":52,"column":4},"end":{"line":52,"column":30}},"21":{"start":{"line":57,"column":19},"end":{"line":73,"column":2}},"22":{"start":{"line":58,"column":2},"end":{"line":72,"column":3}},"23":{"start":{"line":59,"column":17},"end":{"line":59,"column":51}},"24":{"start":{"line":60,"column":4},"end":{"line":69,"column":5}},"25":{"start":{"line":61,"column":6},"end":{"line":66,"column":7}},"26":{"start":{"line":62,"column":8},"end":{"line":62,"column":28}},"27":{"start":{"line":63,"column":8},"end":{"line":63,"column":57}},"28":{"start":{"line":65,"column":8},"end":{"line":65,"column":34}},"29":{"start":{"line":68,"column":6},"end":{"line":68,"column":61}},"30":{"start":{"line":71,"column":4},"end":{"line":71,"column":30}},"31":{"start":{"line":76,"column":15},"end":{"line":103,"column":2}},"32":{"start":{"line":78,"column":2},"end":{"line":101,"column":3}},"33":{"start":{"line":79,"column":19},"end":{"line":79,"column":29}},"34":{"start":{"line":80,"column":17},"end":{"line":81,"column":42}},"35":{"start":{"line":83,"column":4},"end":{"line":88,"column":5}},"36":{"start":{"line":84,"column":6},"end":{"line":87,"column":8}},"37":{"start":{"line":91,"column":4},"end":{"line":91,"column":24}},"38":{"start":{"line":92,"column":4},"end":{"line":92,"column":21}},"39":{"start":{"line":94,"column":4},"end":{"line":97,"column":6}},"40":{"start":{"line":99,"column":4},"end":{"line":99,"column":48}},"41":{"start":{"line":100,"column":4},"end":{"line":100,"column":13}},"42":{"start":{"line":107,"column":19},"end":{"line":132,"column":2}},"43":{"start":{"line":109,"column":2},"end":{"line":130,"column":3}},"44":{"start":{"line":110,"column":18},"end":{"line":115,"column":40}},"45":{"start":{"line":117,"column":21},"end":{"line":117,"column":23}},"46":{"start":{"line":118,"column":4},"end":{"line":118,"column":46}},"47":{"start":{"line":119,"column":4},"end":{"line":119,"column":88}},"48":{"start":{"line":119,"column":37},"end":{"line":119,"column":88}},"49":{"start":{"line":120,"column":4},"end":{"line":120,"column":76}},"50":{"start":{"line":120,"column":33},"end":{"line":120,"column":76}},"51":{"start":{"line":122,"column":4},"end":{"line":126,"column":6}},"52":{"start":{"line":128,"column":4},"end":{"line":128,"column":49}},"53":{"start":{"line":129,"column":4},"end":{"line":129,"column":13}},"54":{"start":{"line":134,"column":0},"end":{"line":134,"column":76}}},"fnMap":{"0":{"name":"(anonymous_0)","decl":{"start":{"line":7,"column":32},"end":{"line":7,"column":33}},"loc":{"start":{"line":7,"column":58},"end":{"line":29,"column":1}},"line":7},"1":{"name":"(anonymous_1)","decl":{"start":{"line":32,"column":32},"end":{"line":32,"column":33}},"loc":{"start":{"line":32,"column":52},"end":{"line":54,"column":1}},"line":32},"2":{"name":"(anonymous_2)","decl":{"start":{"line":57,"column":33},"end":{"line":57,"column":34}},"loc":{"start":{"line":57,"column":53},"end":{"line":73,"column":1}},"line":57},"3":{"name":"(anonymous_3)","decl":{"start":{"line":76,"column":28},"end":{"line":76,"column":29}},"loc":{"start":{"line":76,"column":54},"end":{"line":103,"column":1}},"line":76},"4":{"name":"(anonymous_4)","decl":{"start":{"line":107,"column":32},"end":{"line":107,"column":33}},"loc":{"start":{"line":107,"column":57},"end":{"line":132,"column":1}},"line":107}},"branchMap":{"0":{"loc":{"start":{"line":12,"column":19},"end":{"line":12,"column":39}},"type":"binary-expr","locations":[{"start":{"line":12,"column":19},"end":{"line":12,"column":30}},{"start":{"line":12,"column":34},"end":{"line":12,"column":39}}],"line":12},"1":{"loc":{"start":{"line":35,"column":4},"end":{"line":50,"column":5}},"type":"if","locations":[{"start":{"line":35,"column":4},"end":{"line":50,"column":5}},{"start":{"line":48,"column":11},"end":{"line":50,"column":5}}],"line":35},"2":{"loc":{"start":{"line":60,"column":4},"end":{"line":69,"column":5}},"type":"if","locations":[{"start":{"line":60,"column":4},"end":{"line":69,"column":5}},{"start":{"line":67,"column":11},"end":{"line":69,"column":5}}],"line":60},"3":{"loc":{"start":{"line":83,"column":4},"end":{"line":88,"column":5}},"type":"if","locations":[{"start":{"line":83,"column":4},"end":{"line":88,"column":5}},{"start":{},"end":{}}],"line":83},"4":{"loc":{"start":{"line":119,"column":4},"end":{"line":119,"column":88}},"type":"if","locations":[{"start":{"line":119,"column":4},"end":{"line":119,"column":88}},{"start":{},"end":{}}],"line":119},"5":{"loc":{"start":{"line":120,"column":4},"end":{"line":120,"column":76}},"type":"if","locations":[{"start":{"line":120,"column":4},"end":{"line":120,"column":76}},{"start":{},"end":{}}],"line":120}},"s":{"0":4,"1":4,"2":4,"3":4,"4":4,"5":1,"6":1,"7":1,"8":1,"9":0,"10":1,"11":4,"12":0,"13":0,"14":0,"15":0,"16":0,"17":0,"18":0,"19":0,"20":0,"21":4,"22":1,"23":1,"24":1,"25":0,"26":0,"27":0,"28":0,"29":0,"30":1,"31":4,"32":0,"33":0,"34":0,"35":0,"36":0,"37":0,"38":0,"39":0,"40":0,"41":0,"42":4,"43":2,"44":2,"45":2,"46":2,"47":2,"48":0,"49":2,"50":0,"51":2,"52":0,"53":0,"54":4},"f":{"0":1,"1":0,"2":1,"3":0,"4":2},"b":{"0":[1,1],"1":[0,0],"2":[0,0],"3":[0,0],"4":[0,2],"5":[0,2]},"_coverageSchema":"1a1c01bbd47fc00a2c39e90264f33305004495a9","hash":"87d01d813e678b4bf36f49a684735663b37be2dd"}
,"C:\\Users\\WILSON\\Documents\\blog_api\\api_blog\\controllers\\userController.js": {"path":"C:\\Users\\WILSON\\Documents\\blog_api\\api_blog\\controllers\\userController.js","statementMap":{"0":{"start":{"line":1,"column":21},"end":{"line":1,"column":53}},"1":{"start":{"line":2,"column":15},"end":{"line":2,"column":42}},"2":{"start":{"line":3,"column":13},"end":{"line":3,"column":38}},"3":{"start":{"line":4,"column":13},"end":{"line":4,"column":38}},"4":{"start":{"line":5,"column":15},"end":{"line":5,"column":32}},"5":{"start":{"line":8,"column":19},"end":{"line":29,"column":2}},"6":{"start":{"line":9,"column":2},"end":{"line":28,"column":3}},"7":{"start":{"line":10,"column":4},"end":{"line":13,"column":5}},"8":{"start":{"line":11,"column":19},"end":{"line":11,"column":43}},"9":{"start":{"line":12,"column":6},"end":{"line":12,"column":69}},"10":{"start":{"line":14,"column":4},"end":{"line":25,"column":5}},"11":{"start":{"line":15,"column":26},"end":{"line":21,"column":7}},"12":{"start":{"line":22,"column":6},"end":{"line":22,"column":40}},"13":{"start":{"line":24,"column":6},"end":{"line":24,"column":32}},"14":{"start":{"line":27,"column":4},"end":{"line":27,"column":62}},"15":{"start":{"line":32,"column":19},"end":{"line":49,"column":2}},"16":{"start":{"line":33,"column":2},"end":{"line":48,"column":3}},"17":{"start":{"line":34,"column":4},"end":{"line":45,"column":5}},"18":{"start":{"line":35,"column":19},"end":{"line":35,"column":53}},"19":{"start":{"line":36,"column":6},"end":{"line":42,"column":7}},"20":{"start":{"line":37,"column":8},"end":{"line":37,"column":59}},"21":{"start":{"line":38,"column":8},"end":{"line":38,"column":52}},"22":{"start":{"line":39,"column":8},"end":{"line":39,"column":57}},"23":{"start":{"line":41,"column":8},"end":{"line":41,"column":34}},"24":{"start":{"line":44,"column":6},"end":{"line":44,"column":46}},"25":{"start":{"line":47,"column":4},"end":{"line":47,"column":62}},"26":{"start":{"line":52,"column":16},"end":{"line":60,"column":2}},"27":{"start":{"line":53,"column":2},"end":{"line":59,"column":3}},"28":{"start":{"line":54,"column":17},"end":{"line":54,"column":51}},"29":{"start":{"line":55,"column":36},"end":{"line":55,"column":45}},"30":{"start":{"line":56,"column":4},"end":{"line":56,"column":33}},"31":{"start":{"line":58,"column":4},"end":{"line":58,"column":30}},"32":{"start":{"line":64,"column":23},"end":{"line":81,"column":2}},"33":{"start":{"line":65,"column":19},"end":{"line":65,"column":27}},"34":{"start":{"line":66,"column":2},"end":{"line":80,"column":5}},"35":{"start":{"line":67,"column":6},"end":{"line":79,"column":7}},"36":{"start":{"line":68,"column":10},"end":{"line":68,"column":27}},"37":{"start":{"line":69,"column":10},"end":{"line":69,"column":46}},"38":{"start":{"line":71,"column":10},"end":{"line":78,"column":13}},"39":{"start":{"line":72,"column":14},"end":{"line":77,"column":15}},"40":{"start":{"line":73,"column":18},"end":{"line":73,"column":35}},"41":{"start":{"line":74,"column":18},"end":{"line":74,"column":44}},"42":{"start":{"line":76,"column":18},"end":{"line":76,"column":98}},"43":{"start":{"line":83,"column":0},"end":{"line":83,"column":68}}},"fnMap":{"0":{"name":"(anonymous_0)","decl":{"start":{"line":8,"column":32},"end":{"line":8,"column":33}},"loc":{"start":{"line":8,"column":52},"end":{"line":29,"column":1}},"line":8},"1":{"name":"(anonymous_1)","decl":{"start":{"line":32,"column":33},"end":{"line":32,"column":34}},"loc":{"start":{"line":32,"column":53},"end":{"line":49,"column":1}},"line":32},"2":{"name":"(anonymous_2)","decl":{"start":{"line":52,"column":29},"end":{"line":52,"column":30}},"loc":{"start":{"line":52,"column":49},"end":{"line":60,"column":1}},"line":52},"3":{"name":"(anonymous_3)","decl":{"start":{"line":64,"column":36},"end":{"line":64,"column":37}},"loc":{"start":{"line":64,"column":56},"end":{"line":81,"column":1}},"line":64},"4":{"name":"(anonymous_4)","decl":{"start":{"line":66,"column":48},"end":{"line":66,"column":49}},"loc":{"start":{"line":66,"column":63},"end":{"line":80,"column":3}},"line":66},"5":{"name":"(anonymous_5)","decl":{"start":{"line":71,"column":72},"end":{"line":71,"column":73}},"loc":{"start":{"line":71,"column":87},"end":{"line":78,"column":11}},"line":71}},"branchMap":{"0":{"loc":{"start":{"line":9,"column":2},"end":{"line":28,"column":3}},"type":"if","locations":[{"start":{"line":9,"column":2},"end":{"line":28,"column":3}},{"start":{"line":26,"column":9},"end":{"line":28,"column":3}}],"line":9},"1":{"loc":{"start":{"line":10,"column":4},"end":{"line":13,"column":5}},"type":"if","locations":[{"start":{"line":10,"column":4},"end":{"line":13,"column":5}},{"start":{},"end":{}}],"line":10},"2":{"loc":{"start":{"line":33,"column":2},"end":{"line":48,"column":3}},"type":"if","locations":[{"start":{"line":33,"column":2},"end":{"line":48,"column":3}},{"start":{"line":46,"column":9},"end":{"line":48,"column":3}}],"line":33},"3":{"loc":{"start":{"line":67,"column":6},"end":{"line":79,"column":7}},"type":"if","locations":[{"start":{"line":67,"column":6},"end":{"line":79,"column":7}},{"start":{"line":70,"column":13},"end":{"line":79,"column":7}}],"line":67},"4":{"loc":{"start":{"line":72,"column":14},"end":{"line":77,"column":15}},"type":"if","locations":[{"start":{"line":72,"column":14},"end":{"line":77,"column":15}},{"start":{"line":75,"column":21},"end":{"line":77,"column":15}}],"line":72}},"s":{"0":4,"1":4,"2":4,"3":4,"4":4,"5":4,"6":0,"7":0,"8":0,"9":0,"10":0,"11":0,"12":0,"13":0,"14":0,"15":4,"16":0,"17":0,"18":0,"19":0,"20":0,"21":0,"22":0,"23":0,"24":0,"25":0,"26":4,"27":0,"28":0,"29":0,"30":0,"31":0,"32":4,"33":0,"34":0,"35":0,"36":0,"37":0,"38":0,"39":0,"40":0,"41":0,"42":0,"43":4},"f":{"0":0,"1":0,"2":0,"3":0,"4":0,"5":0},"b":{"0":[0,0],"1":[0,0],"2":[0,0],"3":[0,0],"4":[0,0]},"_coverageSchema":"1a1c01bbd47fc00a2c39e90264f33305004495a9","hash":"4497502f46e55e52653a6bbde5f2f48193512340"}
,"C:\\Users\\WILSON\\Documents\\blog_api\\api_blog\\middleware\\auth.js": {"path":"C:\\Users\\WILSON\\Documents\\blog_api\\api_blog\\middleware\\auth.js","statementMap":{"0":{"start":{"line":1,"column":17},"end":{"line":1,"column":36}},"1":{"start":{"line":2,"column":12},"end":{"line":2,"column":35}},"2":{"start":{"line":4,"column":22},"end":{"line":4,"column":56}},"3":{"start":{"line":5,"column":18},"end":{"line":5,"column":43}},"4":{"start":{"line":6,"column":20},"end":{"line":6,"column":52}},"5":{"start":{"line":7,"column":19},"end":{"line":7,"column":53}},"6":{"start":{"line":9,"column":0},"end":{"line":24,"column":2}},"7":{"start":{"line":17,"column":12},"end":{"line":21,"column":13}},"8":{"start":{"line":18,"column":16},"end":{"line":18,"column":46}},"9":{"start":{"line":20,"column":16},"end":{"line":20,"column":28}},"10":{"start":{"line":29,"column":0},"end":{"line":74,"column":5}},"11":{"start":{"line":42,"column":12},"end":{"line":65,"column":14}},"12":{"start":{"line":43,"column":36},"end":{"line":43,"column":44}},"13":{"start":{"line":44,"column":34},"end":{"line":52,"column":19}},"14":{"start":{"line":54,"column":16},"end":{"line":54,"column":63}},"15":{"start":{"line":54,"column":31},"end":{"line":54,"column":63}},"16":{"start":{"line":55,"column":29},"end":{"line":55,"column":54}},"17":{"start":{"line":56,"column":34},"end":{"line":56,"column":51}},"18":{"start":{"line":58,"column":17},"end":{"line":58,"column":46}},"19":{"start":{"line":64,"column":17},"end":{"line":64,"column":29}},"20":{"start":{"line":229,"column":0},"end":{"line":268,"column":2}},"21":{"start":{"line":238,"column":10},"end":{"line":265,"column":11}},"22":{"start":{"line":239,"column":32},"end":{"line":239,"column":40}},"23":{"start":{"line":240,"column":30},"end":{"line":247,"column":15}},"24":{"start":{"line":248,"column":14},"end":{"line":248,"column":61}},"25":{"start":{"line":248,"column":29},"end":{"line":248,"column":61}},"26":{"start":{"line":250,"column":25},"end":{"line":250,"column":58}},"27":{"start":{"line":252,"column":14},"end":{"line":254,"column":15}},"28":{"start":{"line":253,"column":18},"end":{"line":253,"column":74}},"29":{"start":{"line":256,"column":31},"end":{"line":256,"column":67}},"30":{"start":{"line":258,"column":14},"end":{"line":260,"column":15}},"31":{"start":{"line":259,"column":18},"end":{"line":259,"column":74}},"32":{"start":{"line":262,"column":14},"end":{"line":262,"column":77}},"33":{"start":{"line":264,"column":14},"end":{"line":264,"column":33}}},"fnMap":{"0":{"name":"(anonymous_0)","decl":{"start":{"line":16,"column":8},"end":{"line":16,"column":9}},"loc":{"start":{"line":16,"column":31},"end":{"line":22,"column":9}},"line":16},"1":{"name":"(anonymous_1)","decl":{"start":{"line":41,"column":8},"end":{"line":41,"column":9}},"loc":{"start":{"line":41,"column":49},"end":{"line":66,"column":9}},"line":41},"2":{"name":"(anonymous_2)","decl":{"start":{"line":237,"column":6},"end":{"line":237,"column":7}},"loc":{"start":{"line":237,"column":45},"end":{"line":266,"column":7}},"line":237}},"branchMap":{"0":{"loc":{"start":{"line":54,"column":16},"end":{"line":54,"column":63}},"type":"if","locations":[{"start":{"line":54,"column":16},"end":{"line":54,"column":63}},{"start":{},"end":{}}],"line":54},"1":{"loc":{"start":{"line":248,"column":14},"end":{"line":248,"column":61}},"type":"if","locations":[{"start":{"line":248,"column":14},"end":{"line":248,"column":61}},{"start":{},"end":{}}],"line":248},"2":{"loc":{"start":{"line":252,"column":14},"end":{"line":254,"column":15}},"type":"if","locations":[{"start":{"line":252,"column":14},"end":{"line":254,"column":15}},{"start":{},"end":{}}],"line":252},"3":{"loc":{"start":{"line":258,"column":14},"end":{"line":260,"column":15}},"type":"if","locations":[{"start":{"line":258,"column":14},"end":{"line":260,"column":15}},{"start":{},"end":{}}],"line":258}},"s":{"0":4,"1":4,"2":4,"3":4,"4":4,"5":4,"6":4,"7":0,"8":0,"9":0,"10":4,"11":1,"12":1,"13":1,"14":1,"15":0,"16":1,"17":1,"18":0,"19":1,"20":4,"21":0,"22":0,"23":0,"24":0,"25":0,"26":0,"27":0,"28":0,"29":0,"30":0,"31":0,"32":0,"33":0},"f":{"0":0,"1":1,"2":0},"b":{"0":[0,1],"1":[0,0],"2":[0,0],"3":[0,0]},"_coverageSchema":"1a1c01bbd47fc00a2c39e90264f33305004495a9","hash":"e550313dce218ab0117e70f0b2cf8dc1f5a6d5d2"}
,"C:\\Users\\WILSON\\Documents\\blog_api\\api_blog\\middleware\\errorMiddleware.js": {"path":"C:\\Users\\WILSON\\Documents\\blog_api\\api_blog\\middleware\\errorMiddleware.js","statementMap":{"0":{"start":{"line":1,"column":17},"end":{"line":5,"column":3}},"1":{"start":{"line":2,"column":18},"end":{"line":2,"column":61}},"2":{"start":{"line":3,"column":4},"end":{"line":3,"column":19}},"3":{"start":{"line":4,"column":4},"end":{"line":4,"column":15}},"4":{"start":{"line":7,"column":23},"end":{"line":14,"column":3}},"5":{"start":{"line":8,"column":23},"end":{"line":8,"column":68}},"6":{"start":{"line":9,"column":4},"end":{"line":9,"column":26}},"7":{"start":{"line":10,"column":4},"end":{"line":13,"column":6}},"8":{"start":{"line":16,"column":2},"end":{"line":16,"column":45}}},"fnMap":{"0":{"name":"(anonymous_0)","decl":{"start":{"line":1,"column":17},"end":{"line":1,"column":18}},"loc":{"start":{"line":1,"column":37},"end":{"line":5,"column":3}},"line":1},"1":{"name":"(anonymous_1)","decl":{"start":{"line":7,"column":23},"end":{"line":7,"column":24}},"loc":{"start":{"line":7,"column":48},"end":{"line":14,"column":3}},"line":7}},"branchMap":{"0":{"loc":{"start":{"line":8,"column":23},"end":{"line":8,"column":68}},"type":"cond-expr","locations":[{"start":{"line":8,"column":48},"end":{"line":8,"column":51}},{"start":{"line":8,"column":54},"end":{"line":8,"column":68}}],"line":8},"1":{"loc":{"start":{"line":12,"column":13},"end":{"line":12,"column":69}},"type":"cond-expr","locations":[{"start":{"line":12,"column":53},"end":{"line":12,"column":57}},{"start":{"line":12,"column":60},"end":{"line":12,"column":69}}],"line":12}},"s":{"0":4,"1":1,"2":1,"3":1,"4":4,"5":3,"6":3,"7":3,"8":4},"f":{"0":1,"1":3},"b":{"0":[3,0],"1":[0,3]},"_coverageSchema":"1a1c01bbd47fc00a2c39e90264f33305004495a9","hash":"72f3102bba0f7375232e194be7494f63076754e0"}
,"C:\\Users\\WILSON\\Documents\\blog_api\\api_blog\\middleware\\pagination.js": {"path":"C:\\Users\\WILSON\\Documents\\blog_api\\api_blog\\middleware\\pagination.js","statementMap":{"0":{"start":{"line":1,"column":13},"end":{"line":1,"column":38}},"1":{"start":{"line":3,"column":0},"end":{"line":51,"column":1}},"2":{"start":{"line":4,"column":2},"end":{"line":50,"column":3}},"3":{"start":{"line":5,"column":4},"end":{"line":5,"column":23}},"4":{"start":{"line":7,"column":24},"end":{"line":7,"column":48}},"5":{"start":{"line":8,"column":24},"end":{"line":8,"column":48}},"6":{"start":{"line":10,"column":15},"end":{"line":10,"column":17}},"7":{"start":{"line":11,"column":13},"end":{"line":11,"column":14}},"8":{"start":{"line":12,"column":4},"end":{"line":12,"column":94}},"9":{"start":{"line":12,"column":74},"end":{"line":12,"column":94}},"10":{"start":{"line":15,"column":4},"end":{"line":19,"column":5}},"11":{"start":{"line":16,"column":6},"end":{"line":16,"column":87}},"12":{"start":{"line":17,"column":11},"end":{"line":19,"column":5}},"13":{"start":{"line":18,"column":6},"end":{"line":18,"column":87}},"14":{"start":{"line":21,"column":23},"end":{"line":21,"column":56}},"15":{"start":{"line":22,"column":4},"end":{"line":22,"column":103}},"16":{"start":{"line":22,"column":83},"end":{"line":22,"column":103}},"17":{"start":{"line":24,"column":18},"end":{"line":24,"column":35}},"18":{"start":{"line":25,"column":16},"end":{"line":25,"column":27}},"19":{"start":{"line":26,"column":4},"end":{"line":31,"column":5}},"20":{"start":{"line":27,"column":6},"end":{"line":30,"column":7}},"21":{"start":{"line":32,"column":4},"end":{"line":37,"column":5}},"22":{"start":{"line":33,"column":6},"end":{"line":36,"column":7}},"23":{"start":{"line":39,"column":4},"end":{"line":39,"column":30}},"24":{"start":{"line":40,"column":4},"end":{"line":40,"column":37}},"25":{"start":{"line":41,"column":4},"end":{"line":41,"column":42}},"26":{"start":{"line":42,"column":4},"end":{"line":42,"column":44}},"27":{"start":{"line":43,"column":4},"end":{"line":43,"column":36}},"28":{"start":{"line":44,"column":4},"end":{"line":44,"column":52}},"29":{"start":{"line":46,"column":4},"end":{"line":46,"column":10}},"30":{"start":{"line":48,"column":4},"end":{"line":48,"column":40}},"31":{"start":{"line":49,"column":4},"end":{"line":49,"column":13}}},"fnMap":{"0":{"name":"(anonymous_0)","decl":{"start":{"line":3,"column":17},"end":{"line":3,"column":18}},"loc":{"start":{"line":3,"column":43},"end":{"line":51,"column":1}},"line":3}},"branchMap":{"0":{"loc":{"start":{"line":12,"column":4},"end":{"line":12,"column":94}},"type":"if","locations":[{"start":{"line":12,"column":4},"end":{"line":12,"column":94}},{"start":{},"end":{}}],"line":12},"1":{"loc":{"start":{"line":12,"column":8},"end":{"line":12,"column":72}},"type":"binary-expr","locations":[{"start":{"line":12,"column":8},"end":{"line":12,"column":29}},{"start":{"line":12,"column":33},"end":{"line":12,"column":50}},{"start":{"line":12,"column":54},"end":{"line":12,"column":72}}],"line":12},"2":{"loc":{"start":{"line":15,"column":4},"end":{"line":19,"column":5}},"type":"if","locations":[{"start":{"line":15,"column":4},"end":{"line":19,"column":5}},{"start":{"line":17,"column":11},"end":{"line":19,"column":5}}],"line":15},"3":{"loc":{"start":{"line":17,"column":11},"end":{"line":19,"column":5}},"type":"if","locations":[{"start":{"line":17,"column":11},"end":{"line":19,"column":5}},{"start":{},"end":{}}],"line":17},"4":{"loc":{"start":{"line":22,"column":4},"end":{"line":22,"column":103}},"type":"if","locations":[{"start":{"line":22,"column":4},"end":{"line":22,"column":103}},{"start":{},"end":{}}],"line":22},"5":{"loc":{"start":{"line":22,"column":8},"end":{"line":22,"column":81}},"type":"binary-expr","locations":[{"start":{"line":22,"column":8},"end":{"line":22,"column":29}},{"start":{"line":22,"column":33},"end":{"line":22,"column":50}},{"start":{"line":22,"column":54},"end":{"line":22,"column":81}}],"line":22},"6":{"loc":{"start":{"line":26,"column":4},"end":{"line":31,"column":5}},"type":"if","locations":[{"start":{"line":26,"column":4},"end":{"line":31,"column":5}},{"start":{},"end":{}}],"line":26},"7":{"loc":{"start":{"line":32,"column":4},"end":{"line":37,"column":5}},"type":"if","locations":[{"start":{"line":32,"column":4},"end":{"line":37,"column":5}},{"start":{},"end":{}}],"line":32}},"s":{"0":4,"1":4,"2":2,"3":2,"4":2,"5":2,"6":2,"7":2,"8":2,"9":0,"10":2,"11":2,"12":0,"13":0,"14":2,"15":2,"16":0,"17":2,"18":2,"19":2,"20":0,"21":2,"22":0,"23":2,"24":2,"25":2,"26":2,"27":2,"28":2,"29":2,"30":0,"31":0},"f":{"0":2},"b":{"0":[0,2],"1":[2,0,0],"2":[2,0],"3":[0,0],"4":[0,2],"5":[2,0,0],"6":[0,2],"7":[0,2]},"_coverageSchema":"1a1c01bbd47fc00a2c39e90264f33305004495a9","hash":"3dc727a59a1717f1c2796856f313150b8f1df57a"}
,"C:\\Users\\WILSON\\Documents\\blog_api\\api_blog\\models\\Category.js": {"path":"C:\\Users\\WILSON\\Documents\\blog_api\\api_blog\\models\\Category.js","statementMap":{"0":{"start":{"line":1,"column":17},"end":{"line":1,"column":36}},"1":{"start":{"line":3,"column":23},"end":{"line":12,"column":1}},"2":{"start":{"line":14,"column":0},"end":{"line":14,"column":60}}},"fnMap":{},"branchMap":{},"s":{"0":4,"1":4,"2":4},"f":{},"b":{},"_coverageSchema":"1a1c01bbd47fc00a2c39e90264f33305004495a9","hash":"305b99628057e2d80b33f7b667eb543f5f740604"}
,"C:\\Users\\WILSON\\Documents\\blog_api\\api_blog\\models\\Post.js": {"path":"C:\\Users\\WILSON\\Documents\\blog_api\\api_blog\\models\\Post.js","statementMap":{"0":{"start":{"line":1,"column":17},"end":{"line":1,"column":36}},"1":{"start":{"line":3,"column":19},"end":{"line":64,"column":1}},"2":{"start":{"line":66,"column":0},"end":{"line":66,"column":52}}},"fnMap":{},"branchMap":{},"s":{"0":4,"1":4,"2":4},"f":{},"b":{},"_coverageSchema":"1a1c01bbd47fc00a2c39e90264f33305004495a9","hash":"5fd407fc0f5e4eb169abb664be60643c3a3ff703"}
,"C:\\Users\\WILSON\\Documents\\blog_api\\api_blog\\models\\User.js": {"path":"C:\\Users\\WILSON\\Documents\\blog_api\\api_blog\\models\\User.js","statementMap":{"0":{"start":{"line":1,"column":17},"end":{"line":1,"column":36}},"1":{"start":{"line":2,"column":15},"end":{"line":2,"column":32}},"2":{"start":{"line":4,"column":19},"end":{"line":37,"column":1}},"3":{"start":{"line":42,"column":0},"end":{"line":51,"column":2}},"4":{"start":{"line":45,"column":19},"end":{"line":45,"column":23}},"5":{"start":{"line":46,"column":19},"end":{"line":46,"column":55}},"6":{"start":{"line":48,"column":6},"end":{"line":48,"column":27}},"7":{"start":{"line":49,"column":6},"end":{"line":49,"column":13}},"8":{"start":{"line":54,"column":0},"end":{"line":59,"column":1}},"9":{"start":{"line":55,"column":15},"end":{"line":55,"column":19}},"10":{"start":{"line":56,"column":18},"end":{"line":56,"column":63}},"11":{"start":{"line":58,"column":2},"end":{"line":58,"column":17}},"12":{"start":{"line":66,"column":13},"end":{"line":66,"column":47}},"13":{"start":{"line":68,"column":0},"end":{"line":68,"column":22}}},"fnMap":{"0":{"name":"(anonymous_0)","decl":{"start":{"line":44,"column":2},"end":{"line":44,"column":3}},"loc":{"start":{"line":44,"column":24},"end":{"line":50,"column":3}},"line":44},"1":{"name":"(anonymous_1)","decl":{"start":{"line":54,"column":37},"end":{"line":54,"column":38}},"loc":{"start":{"line":54,"column":62},"end":{"line":59,"column":1}},"line":54}},"branchMap":{},"s":{"0":4,"1":4,"2":4,"3":4,"4":0,"5":0,"6":0,"7":0,"8":4,"9":0,"10":0,"11":0,"12":4,"13":4},"f":{"0":0,"1":0},"b":{},"_coverageSchema":"1a1c01bbd47fc00a2c39e90264f33305004495a9","hash":"2e5022b9ce33b3d62c37227e65abc80fa06f810c"}
,"C:\\Users\\WILSON\\Documents\\blog_api\\api_blog\\routes\\auth.js": {"path":"C:\\Users\\WILSON\\Documents\\blog_api\\api_blog\\routes\\auth.js","statementMap":{"0":{"start":{"line":1,"column":16},"end":{"line":1,"column":34}},"1":{"start":{"line":2,"column":17},"end":{"line":2,"column":36}},"2":{"start":{"line":3,"column":12},"end":{"line":3,"column":35}},"3":{"start":{"line":4,"column":0},"end":{"line":4,"column":27}},"4":{"start":{"line":5,"column":22},"end":{"line":5,"column":62}},"5":{"start":{"line":7,"column":19},"end":{"line":7,"column":35}},"6":{"start":{"line":9,"column":0},"end":{"line":16,"column":3}},"7":{"start":{"line":11,"column":6},"end":{"line":14,"column":10}},"8":{"start":{"line":18,"column":0},"end":{"line":18,"column":46}},"9":{"start":{"line":21,"column":0},"end":{"line":21,"column":28}}},"fnMap":{"0":{"name":"(anonymous_0)","decl":{"start":{"line":10,"column":56},"end":{"line":10,"column":57}},"loc":{"start":{"line":10,"column":82},"end":{"line":15,"column":4}},"line":10}},"branchMap":{},"s":{"0":4,"1":4,"2":4,"3":4,"4":4,"5":4,"6":4,"7":0,"8":4,"9":4},"f":{"0":0},"b":{},"_coverageSchema":"1a1c01bbd47fc00a2c39e90264f33305004495a9","hash":"d89e2c49e8a39b6a8be12e915715291c17206af3"}
,"C:\\Users\\WILSON\\Documents\\blog_api\\api_blog\\routes\\categories.js": {"path":"C:\\Users\\WILSON\\Documents\\blog_api\\api_blog\\routes\\categories.js","statementMap":{"0":{"start":{"line":1,"column":15},"end":{"line":1,"column":42}},"1":{"start":{"line":3,"column":27},"end":{"line":3,"column":71}},"2":{"start":{"line":5,"column":0},"end":{"line":5,"column":55}},"3":{"start":{"line":9,"column":0},"end":{"line":9,"column":53}},"4":{"start":{"line":13,"column":0},"end":{"line":13,"column":24}}},"fnMap":{},"branchMap":{},"s":{"0":4,"1":4,"2":4,"3":4,"4":4},"f":{},"b":{},"_coverageSchema":"1a1c01bbd47fc00a2c39e90264f33305004495a9","hash":"3142cd62a01fc6abcc690d2ec430d47051a3ea17"}
,"C:\\Users\\WILSON\\Documents\\blog_api\\api_blog\\routes\\posts.js": {"path":"C:\\Users\\WILSON\\Documents\\blog_api\\api_blog\\routes\\posts.js","statementMap":{"0":{"start":{"line":1,"column":15},"end":{"line":1,"column":42}},"1":{"start":{"line":2,"column":13},"end":{"line":2,"column":38}},"2":{"start":{"line":3,"column":13},"end":{"line":3,"column":38}},"3":{"start":{"line":4,"column":67},"end":{"line":4,"column":107}},"4":{"start":{"line":5,"column":19},"end":{"line":5,"column":54}},"5":{"start":{"line":8,"column":0},"end":{"line":8,"column":34}},"6":{"start":{"line":20,"column":0},"end":{"line":20,"column":36}},"7":{"start":{"line":46,"column":0},"end":{"line":46,"column":39}},"8":{"start":{"line":67,"column":0},"end":{"line":67,"column":33}},"9":{"start":{"line":78,"column":0},"end":{"line":78,"column":46}},"10":{"start":{"line":102,"column":0},"end":{"line":102,"column":24}}},"fnMap":{},"branchMap":{},"s":{"0":4,"1":4,"2":4,"3":4,"4":4,"5":4,"6":4,"7":4,"8":4,"9":4,"10":4},"f":{},"b":{},"_coverageSchema":"1a1c01bbd47fc00a2c39e90264f33305004495a9","hash":"f4092756a1f7718506e5187b16b02b4707f0c29a"}
,"C:\\Users\\WILSON\\Documents\\blog_api\\api_blog\\routes\\users.js": {"path":"C:\\Users\\WILSON\\Documents\\blog_api\\api_blog\\routes\\users.js","statementMap":{"0":{"start":{"line":1,"column":15},"end":{"line":1,"column":42}},"1":{"start":{"line":3,"column":59},"end":{"line":3,"column":99}},"2":{"start":{"line":7,"column":1},"end":{"line":7,"column":37}},"3":{"start":{"line":10,"column":0},"end":{"line":10,"column":39}},"4":{"start":{"line":13,"column":0},"end":{"line":13,"column":33}},"5":{"start":{"line":16,"column":0},"end":{"line":16,"column":42}},"6":{"start":{"line":18,"column":0},"end":{"line":18,"column":24}}},"fnMap":{},"branchMap":{},"s":{"0":4,"1":4,"2":4,"3":4,"4":4,"5":4,"6":4},"f":{},"b":{},"_coverageSchema":"1a1c01bbd47fc00a2c39e90264f33305004495a9","hash":"179a26e84c4c86e1abfdf4f68a524760c5300119"}
,"C:\\Users\\WILSON\\Documents\\blog_api\\api_blog\\utils\\readingTime.js": {"path":"C:\\Users\\WILSON\\Documents\\blog_api\\api_blog\\utils\\readingTime.js","statementMap":{"0":{"start":{"line":1,"column":20},"end":{"line":6,"column":1}},"1":{"start":{"line":2,"column":20},"end":{"line":2,"column":42}},"2":{"start":{"line":4,"column":25},"end":{"line":4,"column":40}},"3":{"start":{"line":5,"column":2},"end":{"line":5,"column":74}},"4":{"start":{"line":8,"column":0},"end":{"line":8,"column":29}}},"fnMap":{"0":{"name":"(anonymous_0)","decl":{"start":{"line":1,"column":20},"end":{"line":1,"column":21}},"loc":{"start":{"line":1,"column":30},"end":{"line":6,"column":1}},"line":1}},"branchMap":{"0":{"loc":{"start":{"line":5,"column":9},"end":{"line":5,"column":74}},"type":"cond-expr","locations":[{"start":{"line":5,"column":44},"end":{"line":5,"column":45}},{"start":{"line":5,"column":48},"end":{"line":5,"column":74}}],"line":5}},"s":{"0":4,"1":1,"2":1,"3":1,"4":4},"f":{"0":1},"b":{"0":[1,0]},"_coverageSchema":"1a1c01bbd47fc00a2c39e90264f33305004495a9","hash":"64136f5ad8ce12f4883bf14f776f135047138c11"}
}
